<?xml version="1.0" encoding="UTF-8"?>
<!-- Generated by org.testng.reporters.JUnitReportReporter -->
<testsuite hostname="gits-server" name="example.NewTest" tests="1" failures="0" timestamp="15 Oct 2016 05:25:50 GMT" time="3.908" errors="0">
  <testcase name="testEasy" time="3.908" classname="example.NewTest"/>
</testsuite> <!-- example.NewTest -->
